TN:
SF:script/Deploy.s.sol
FN:13,DeployScript.run
FNDA:0,DeployScript.run
DA:14,0
DA:15,0
DA:16,0
DA:17,0
DA:18,0
DA:19,0
DA:21,0
DA:22,0
DA:23,0
DA:25,0
DA:27,0
DA:28,0
DA:29,0
DA:31,0
FNF:1
FNH:0
LF:14
LH:0
BRF:0
BRH:0
end_of_record
TN:
SF:script/DeployContractRegistry.s.sol
FN:9,DeployContractRegistry.run
FNDA:0,DeployContractRegistry.run
DA:10,0
DA:11,0
DA:13,0
DA:14,0
BRDA:14,0,0,-
BRDA:14,0,1,-
DA:15,0
DA:16,0
BRDA:16,1,0,-
BRDA:16,1,1,-
DA:17,0
DA:19,0
DA:22,0
DA:23,0
FNF:1
FNH:0
LF:10
LH:0
BRF:4
BRH:0
end_of_record
TN:
SF:script/DeployDispenser.s.sol
FN:10,DeployDispenserScript.run
FNDA:0,DeployDispenserScript.run
DA:11,0
DA:12,0
DA:14,0
DA:15,0
DA:16,0
DA:17,0
DA:19,0
FNF:1
FNH:0
LF:7
LH:0
BRF:0
BRH:0
end_of_record
TN:
SF:script/DeployFractionalizerDispatcherL1.s.sol
FN:17,DeployFractionalizerDispatcherL1.run
FNDA:0,DeployFractionalizerDispatcherL1.run
DA:18,0
DA:19,0
DA:21,0
DA:22,0
DA:31,0
DA:32,0
DA:34,0
FNF:1
FNH:0
LF:7
LH:0
BRF:0
BRH:0
end_of_record
TN:
SF:script/DeployFractionalizerL2.s.sol
FN:14,DeployFractionalizerL2.run
FNDA:0,DeployFractionalizerL2.run
DA:15,0
DA:17,0
DA:19,0
DA:26,0
DA:27,0
DA:29,0
FNF:1
FNH:0
LF:6
LH:0
BRF:0
BRH:0
end_of_record
TN:
SF:script/IPNFT.s.sol
FN:10,IPNFTScript.setUp
FNDA:0,IPNFTScript.setUp
FN:12,IPNFTScript.run
FNDA:0,IPNFTScript.run
DA:13,0
DA:14,0
DA:15,0
DA:16,0
DA:17,0
DA:18,0
DA:20,0
FNF:2
FNH:0
LF:7
LH:0
BRF:0
BRH:0
end_of_record
TN:
SF:script/SchmackoSwap.s.sol
FN:9,SchmackoSwapScript.setUp
FNDA:0,SchmackoSwapScript.setUp
FN:11,SchmackoSwapScript.run
FNDA:0,SchmackoSwapScript.run
DA:12,0
DA:13,0
DA:14,0
FNF:2
FNH:0
LF:3
LH:0
BRF:0
BRH:0
end_of_record
TN:
SF:script/UpdateFractionalizerDispatcherL1.sol
FN:14,UpdateFractionalizerDispatcherL1.run
FNDA:0,UpdateFractionalizerDispatcherL1.run
DA:15,0
DA:16,0
DA:17,0
DA:19,0
FNF:1
FNH:0
LF:4
LH:0
BRF:0
BRH:0
end_of_record
TN:
SF:script/UpdateFractionalizerL2.s.sol
FN:14,UpdateFractionalizerL2.run
FNDA:0,UpdateFractionalizerL2.run
DA:15,0
DA:17,0
DA:18,0
DA:20,0
FNF:1
FNH:0
LF:4
LH:0
BRF:0
BRH:0
end_of_record
TN:
SF:script/UpgradeImplementation.s.sol
FN:13,UpgradeImplementation.run
FNDA:0,UpgradeImplementation.run
DA:14,0
DA:15,0
DA:19,0
DA:21,0
DA:22,0
DA:24,0
DA:26,0
FNF:1
FNH:0
LF:7
LH:0
BRF:0
BRH:0
end_of_record
TN:
SF:script/dev/ApproveAndBuy.s.sol
FN:21,ApproveAndBuy.prepareAddresses
FNDA:0,ApproveAndBuy.prepareAddresses
DA:22,0
DA:23,0
DA:24,0
DA:25,0
DA:26,0
FN:29,ApproveAndBuy.fulfillListing
FNDA:0,ApproveAndBuy.fulfillListing
DA:30,0
DA:33,0
DA:34,0
DA:35,0
DA:37,0
DA:38,0
DA:39,0
DA:40,0
FN:43,ApproveAndBuy.run
FNDA:0,ApproveAndBuy.run
DA:44,0
DA:51,0
DA:52,0
FNF:3
FNH:0
LF:16
LH:0
BRF:0
BRH:0
end_of_record
TN:
SF:script/dev/DeployMockedFractionalizer.s.sol
FN:23,DeployMockedFractionalizer.run
FNDA:0,DeployMockedFractionalizer.run
DA:24,0
DA:25,0
DA:27,0
DA:28,0
DA:30,0
DA:39,0
DA:40,0
DA:41,0
DA:43,0
DA:44,0
DA:46,0
FN:16,TestableFractionalizer.__dangerouslyOverrideXDomainMessenger
FNDA:0,TestableFractionalizer.__dangerouslyOverrideXDomainMessenger
DA:17,0
FNF:2
FNH:0
LF:12
LH:0
BRF:0
BRH:0
end_of_record
TN:
SF:script/dev/Dev.s.sol
FN:15,DevScript.run
FNDA:0,DevScript.run
DA:16,0
DA:17,0
DA:18,0
DA:19,0
DA:20,0
DA:21,0
DA:23,0
DA:24,0
DA:25,0
DA:26,0
DA:28,0
DA:30,0
DA:31,0
DA:32,0
DA:33,0
DA:35,0
FNF:1
FNH:0
LF:16
LH:0
BRF:0
BRH:0
end_of_record
TN:
SF:script/dev/Dev21.s.sol
FN:107,MintV22.run
FNDA:0,MintV22.run
DA:108,0
DA:109,0
DA:111,0
DA:112,0
DA:113,0
DA:114,0
FN:78,Reserve.run
FNDA:0,Reserve.run
DA:79,0
DA:81,0
DA:82,0
DA:83,0
DA:84,0
DA:86,0
FN:37,DeployIpnftV21.run
FNDA:0,DeployIpnftV21.run
DA:38,0
DA:39,0
DA:40,0
DA:41,0
DA:42,0
DA:43,0
DA:46,0
DA:47,0
DA:48,0
DA:50,0
DA:52,0
DA:53,0
DA:54,0
DA:55,0
DA:57,0
FN:93,MintV21.run
FNDA:0,MintV21.run
DA:94,0
DA:95,0
DA:97,0
DA:98,0
DA:99,0
DA:100,0
FN:64,UpgradeIpnftV22.run
FNDA:0,UpgradeIpnftV22.run
DA:65,0
DA:66,0
DA:67,0
DA:68,0
DA:69,0
DA:71,0
FNF:5
FNH:0
LF:39
LH:0
BRF:0
BRH:0
end_of_record
TN:
SF:script/dev/Fixture.s.sol
FN:28,FixtureScript.prepareAddresses
FNDA:0,FixtureScript.prepareAddresses
DA:29,0
DA:30,0
DA:31,0
FN:34,FixtureScript.dealERC20
FNDA:0,FixtureScript.dealERC20
DA:35,0
DA:36,0
DA:37,0
FN:40,FixtureScript.mintMintPass
FNDA:0,FixtureScript.mintMintPass
DA:41,0
DA:42,0
DA:43,0
FN:46,FixtureScript.mintIpnft
FNDA:0,FixtureScript.mintIpnft
DA:47,0
DA:48,0
DA:49,0
DA:50,0
DA:51,0
FN:54,FixtureScript.createListing
FNDA:0,FixtureScript.createListing
DA:55,0
DA:56,0
DA:57,0
DA:58,0
DA:59,0
FN:62,FixtureScript.run
FNDA:0,FixtureScript.run
DA:63,0
DA:65,0
DA:66,0
DA:67,0
DA:68,0
DA:69,0
DA:71,0
DA:72,0
DA:73,0
DA:74,0
DA:76,0
DA:78,0
DA:79,0
DA:80,0
DA:81,0
DA:83,0
DA:85,0
DA:87,0
DA:89,0
DA:90,0
DA:92,0
DA:93,0
FNF:6
FNH:0
LF:41
LH:0
BRF:0
BRH:0
end_of_record
TN:
SF:script/dev/SignTermsMessage.s.sol
FN:9,SignTermsMessage.run
FNDA:0,SignTermsMessage.run
DA:10,0
DA:11,0
DA:14,0
DA:16,0
DA:17,0
DA:19,0
FNF:1
FNH:0
LF:6
LH:0
BRF:0
BRH:0
end_of_record
TN:
SF:src/ContractRegistry.sol
FN:21,ContractRegistry.register
FNDA:2,ContractRegistry.register
DA:22,2
FN:29,ContractRegistry.register
FNDA:0,ContractRegistry.register
DA:30,0
DA:31,0
FN:34,ContractRegistry.get
FNDA:0,ContractRegistry.get
DA:35,0
FN:38,ContractRegistry.get
FNDA:0,ContractRegistry.get
DA:39,19
FN:46,ContractRegistry.safeGet
FNDA:17,ContractRegistry.safeGet
DA:47,19
DA:48,19
BRDA:48,0,0,-
BRDA:48,0,1,19
DA:49,0
DA:51,19
FN:54,ContractRegistry.safeGet
FNDA:2,ContractRegistry.safeGet
DA:55,2
FNF:6
FNH:3
LF:10
LH:6
BRF:2
BRH:1
end_of_record
TN:
SF:src/Fractionalizer.sol
FN:91,Fractionalizer.initialize
FNDA:0,Fractionalizer.initialize
DA:92,0
DA:93,0
DA:94,0
FN:98,Fractionalizer.setFractionalizerDispatcherL1
FNDA:1,Fractionalizer.setFractionalizerDispatcherL1
DA:99,1
BRDA:99,0,0,1
BRDA:99,0,1,-
DA:100,1
DA:102,0
DA:103,0
FN:106,Fractionalizer.setFeeReceiver
FNDA:1,Fractionalizer.setFeeReceiver
DA:107,1
BRDA:107,1,0,1
BRDA:107,1,1,-
DA:108,1
DA:110,0
FN:113,Fractionalizer.setReceiverPercentage
FNDA:0,Fractionalizer.setReceiverPercentage
DA:114,0
FN:117,Fractionalizer._msgSender
FNDA:75,Fractionalizer._msgSender
DA:118,75
FN:121,Fractionalizer._msgData
FNDA:0,Fractionalizer._msgData
DA:122,0
FN:128,Fractionalizer.fractionalizeUniqueERC1155
FNDA:11,Fractionalizer.fractionalizeUniqueERC1155
DA:137,11
BRDA:137,2,0,1
BRDA:137,2,1,10
DA:138,1
DA:142,10
BRDA:142,3,0,1
BRDA:142,3,1,9
DA:143,1
DA:146,9
DA:148,9
DA:150,9
FN:153,Fractionalizer.increaseFractions
FNDA:3,Fractionalizer.increaseFractions
DA:154,2
DA:156,2
BRDA:156,4,0,1
BRDA:156,4,1,1
DA:157,1
DA:160,1
DA:161,1
FN:167,Fractionalizer.afterSale
FNDA:2,Fractionalizer.afterSale
DA:168,2
DA:174,2
DA:175,2
DA:176,2
FN:179,Fractionalizer.claimableTokens
FNDA:3,Fractionalizer.claimableTokens
DA:180,6
DA:182,6
BRDA:182,5,0,1
BRDA:182,5,1,5
DA:183,1
DA:186,5
DA:188,5
FN:191,Fractionalizer.burnToWithdrawShare
FNDA:2,Fractionalizer.burnToWithdrawShare
DA:192,2
DA:193,2
FN:196,Fractionalizer.burnToWithdrawShare
FNDA:3,Fractionalizer.burnToWithdrawShare
DA:197,5
DA:198,5
BRDA:198,6,0,1
BRDA:198,6,1,4
DA:199,1
DA:201,4
BRDA:201,7,0,1
BRDA:201,7,1,3
DA:202,1
DA:205,3
DA:206,2
BRDA:206,8,0,-
BRDA:206,8,1,2
DA:207,0
DA:210,2
DA:211,2
FN:214,Fractionalizer.specificTermsV1
FNDA:3,Fractionalizer.specificTermsV1
DA:215,9
DA:217,9
FN:232,Fractionalizer.isValidSignature
FNDA:1,Fractionalizer.isValidSignature
DA:233,6
DA:234,6
FN:241,Fractionalizer.acceptTerms
FNDA:3,Fractionalizer.acceptTerms
DA:242,5
BRDA:242,9,0,1
BRDA:242,9,1,4
DA:243,1
DA:245,4
DA:246,4
FN:253,Fractionalizer._authorizeUpgrade
FNDA:0,Fractionalizer._authorizeUpgrade
FN:261,Fractionalizer.uri
FNDA:0,Fractionalizer.uri
DA:262,0
DA:264,0
DA:265,0
DA:267,0
DA:284,0
FNF:17
FNH:12
LF:59
LH:45
BRF:20
BRH:17
end_of_record
TN:
SF:src/FractionalizerL2Dispatcher.sol
FN:43,FractionalizerL2Dispatcher.initialize
FNDA:0,FractionalizerL2Dispatcher.initialize
DA:44,0
DA:45,0
DA:46,0
DA:47,0
FN:59,FractionalizerL2Dispatcher.initializeFractionalization
FNDA:5,FractionalizerL2Dispatcher.initializeFractionalization
DA:63,5
BRDA:63,0,0,1
BRDA:63,0,1,4
DA:64,1
DA:67,4
BRDA:67,1,0,-
BRDA:67,1,1,4
DA:68,0
DA:71,4
DA:72,4
DA:74,4
DA:88,4
DA:89,4
DA:91,4
FN:105,FractionalizerL2Dispatcher.afterSale
FNDA:1,FractionalizerL2Dispatcher.afterSale
DA:106,1
DA:107,1
BRDA:107,2,0,-
BRDA:107,2,1,1
DA:108,0
DA:112,1
DA:118,1
DA:120,1
FN:131,FractionalizerL2Dispatcher.afterSale
FNDA:1,FractionalizerL2Dispatcher.afterSale
DA:132,1
DA:133,1
BRDA:133,3,0,-
BRDA:133,3,1,1
DA:134,0
DA:140,1
DA:141,1
DA:143,1
BRDA:143,4,0,-
BRDA:143,4,1,1
DA:144,0
DA:146,1
BRDA:146,5,0,-
BRDA:146,5,1,1
DA:147,0
DA:149,1
BRDA:149,6,0,-
BRDA:149,6,1,1
DA:150,0
DA:157,1
DA:158,1
FN:161,FractionalizerL2Dispatcher._startSalesPhase
FNDA:2,FractionalizerL2Dispatcher._startSalesPhase
DA:164,2
DA:165,2
DA:166,2
DA:169,2
DA:172,2
BRDA:172,7,0,-
BRDA:172,7,1,2
DA:173,2
BRDA:173,8,0,-
BRDA:173,8,1,2
DA:174,0
DA:178,2
DA:184,2
DA:186,2
FN:194,FractionalizerL2Dispatcher._authorizeUpgrade
FNDA:0,FractionalizerL2Dispatcher._authorizeUpgrade
FNF:6
FNH:4
LF:43
LH:32
BRF:18
BRH:10
end_of_record
TN:
SF:src/HeadlessDispenser.sol
FN:17,HeadlessDispenser.dispense
FNDA:0,HeadlessDispenser.dispense
DA:18,0
BRDA:18,0,0,-
BRDA:18,0,1,-
DA:19,0
FN:23,HeadlessDispenser.dispense
FNDA:0,HeadlessDispenser.dispense
DA:24,0
BRDA:24,1,0,-
BRDA:24,1,1,-
DA:25,0
FNF:2
FNH:0
LF:4
LH:0
BRF:4
BRH:0
end_of_record
TN:
SF:src/IPNFT.sol
FN:96,IPNFT.initialize
FNDA:0,IPNFT.initialize
DA:97,0
DA:98,0
DA:99,0
DA:100,0
DA:101,0
DA:102,0
DA:103,0
DA:105,0
FN:108,IPNFT.pause
FNDA:2,IPNFT.pause
DA:109,2
FN:112,IPNFT.unpause
FNDA:0,IPNFT.unpause
DA:113,0
FN:122,IPNFT.setAuthorizer
FNDA:0,IPNFT.setAuthorizer
DA:123,0
BRDA:123,0,0,-
BRDA:123,0,1,-
DA:124,0
DA:126,0
FN:130,IPNFT.reserve
FNDA:15,IPNFT.reserve
DA:131,14
BRDA:131,1,0,1
BRDA:131,1,1,13
DA:132,1
DA:135,13
DA:136,13
DA:137,13
DA:138,13
DA:139,13
FN:145,IPNFT.mintReservation
FNDA:5,IPNFT.mintReservation
DA:151,5
FN:164,IPNFT.mintReservation
FNDA:7,IPNFT.mintReservation
DA:171,12
BRDA:171,2,0,1
BRDA:171,2,1,11
DA:172,1
DA:175,11
BRDA:175,3,0,-
BRDA:175,3,1,11
DA:176,0
DA:179,11
BRDA:179,4,0,1
BRDA:179,4,1,10
DA:180,1
DA:183,10
DA:184,10
DA:186,10
DA:187,9
DA:188,9
DA:190,9
DA:191,9
FN:200,IPNFT.grantReadAccess
FNDA:3,IPNFT.grantReadAccess
DA:201,3
BRDA:201,5,0,1
BRDA:201,5,1,2
DA:202,1
DA:205,2
BRDA:205,6,0,1
BRDA:205,6,1,1
DA:207,1
DA:208,1
FN:217,IPNFT.canRead
FNDA:5,IPNFT.canRead
DA:218,5
BRDA:218,7,0,1
BRDA:218,7,1,4
DA:219,1
DA:221,4
FN:228,IPNFT.updateSymbol
FNDA:2,IPNFT.updateSymbol
DA:229,2
BRDA:229,8,0,1
BRDA:229,8,1,1
DA:230,1
DA:232,1
FN:235,IPNFT._updateSymbol
FNDA:10,IPNFT._updateSymbol
DA:236,10
DA:237,10
FN:241,IPNFT.withdrawAll
FNDA:3,IPNFT.withdrawAll
DA:242,2
BRDA:242,9,0,-
BRDA:242,9,1,2
FN:246,IPNFT._authorizeUpgrade
FNDA:3,IPNFT._authorizeUpgrade
FN:255,IPNFT._beforeTokenTransfer
FNDA:20,IPNFT._beforeTokenTransfer
DA:259,20
FN:263,IPNFT.uri
FNDA:2,IPNFT.uri
DA:264,11
FN:268,IPNFT.contractURI
FNDA:0,IPNFT.contractURI
DA:269,0
FNF:16
FNH:12
LF:51
LH:37
BRF:20
BRH:16
end_of_record
TN:
SF:src/IPNFTV23.sol
FN:97,IPNFTV23.initialize
FNDA:1,IPNFTV23.initialize
DA:98,0
DA:99,0
DA:100,0
DA:101,0
DA:102,0
DA:103,0
DA:104,0
DA:106,0
FN:109,IPNFTV23.pause
FNDA:0,IPNFTV23.pause
DA:110,0
FN:113,IPNFTV23.unpause
FNDA:0,IPNFTV23.unpause
DA:114,0
FN:117,IPNFTV23.reinit
FNDA:3,IPNFTV23.reinit
DA:118,3
FN:127,IPNFTV23.setAuthorizer
FNDA:0,IPNFTV23.setAuthorizer
DA:128,0
BRDA:128,0,0,-
BRDA:128,0,1,-
DA:129,0
DA:131,0
FN:135,IPNFTV23.reserve
FNDA:1,IPNFTV23.reserve
DA:136,1
BRDA:136,1,0,-
BRDA:136,1,1,1
DA:137,0
DA:140,1
DA:141,1
DA:142,1
DA:143,1
DA:144,1
FN:150,IPNFTV23.mintReservation
FNDA:0,IPNFTV23.mintReservation
DA:156,0
FN:169,IPNFTV23.mintReservation
FNDA:0,IPNFTV23.mintReservation
DA:176,0
BRDA:176,2,0,-
BRDA:176,2,1,-
DA:177,0
DA:180,0
BRDA:180,3,0,-
BRDA:180,3,1,-
DA:181,0
DA:184,0
BRDA:184,4,0,-
BRDA:184,4,1,-
DA:185,0
DA:188,0
DA:189,0
DA:191,0
DA:192,0
DA:193,0
DA:195,0
DA:196,0
FN:205,IPNFTV23.grantReadAccess
FNDA:0,IPNFTV23.grantReadAccess
DA:206,0
BRDA:206,5,0,-
BRDA:206,5,1,-
DA:207,0
DA:210,0
BRDA:210,6,0,-
BRDA:210,6,1,-
DA:212,0
FN:221,IPNFTV23.canRead
FNDA:0,IPNFTV23.canRead
DA:222,0
BRDA:222,7,0,-
BRDA:222,7,1,-
DA:223,0
DA:225,0
FN:232,IPNFTV23.updateSymbol
FNDA:0,IPNFTV23.updateSymbol
DA:233,0
BRDA:233,8,0,-
BRDA:233,8,1,-
DA:234,0
DA:236,0
FN:239,IPNFTV23._updateSymbol
FNDA:0,IPNFTV23._updateSymbol
DA:240,0
DA:241,0
FN:245,IPNFTV23.withdrawAll
FNDA:0,IPNFTV23.withdrawAll
DA:246,0
BRDA:246,9,0,-
BRDA:246,9,1,-
FN:250,IPNFTV23._authorizeUpgrade
FNDA:0,IPNFTV23._authorizeUpgrade
FN:259,IPNFTV23._beforeTokenTransfer
FNDA:0,IPNFTV23._beforeTokenTransfer
DA:263,0
FN:267,IPNFTV23.uri
FNDA:0,IPNFTV23.uri
DA:268,0
FN:272,IPNFTV23.contractURI
FNDA:0,IPNFTV23.contractURI
DA:273,0
FNF:17
FNH:3
LF:51
LH:7
BRF:20
BRH:1
end_of_record
TN:
SF:src/Mintpass.sol
FN:55,Mintpass.isRedeemable
FNDA:3,Mintpass.isRedeemable
DA:56,27
BRDA:56,0,0,-
BRDA:56,0,1,27
DA:57,27
FN:61,Mintpass.batchMint
FNDA:27,Mintpass.batchMint
DA:62,25
FN:66,Mintpass.authorizeReservation
FNDA:15,Mintpass.authorizeReservation
DA:67,15
FN:73,Mintpass.authorizeMint
FNDA:11,Mintpass.authorizeMint
DA:74,11
DA:76,11
BRDA:76,1,0,-
BRDA:76,1,1,11
DA:77,0
DA:79,11
BRDA:79,2,0,-
BRDA:79,2,1,11
DA:80,0
DA:82,11
FN:88,Mintpass.redeem
FNDA:10,Mintpass.redeem
DA:89,10
DA:90,10
BRDA:90,3,0,-
BRDA:90,3,1,10
DA:91,0
DA:93,10
DA:94,10
FN:99,Mintpass.revoke
FNDA:2,Mintpass.revoke
DA:100,1
BRDA:100,4,0,-
BRDA:100,4,1,1
DA:101,0
DA:103,1
DA:104,1
FN:109,Mintpass.tokenURI
FNDA:2,Mintpass.tokenURI
DA:110,2
DA:111,2
BRDA:111,5,0,1
BRDA:111,5,1,2
DA:112,1
DA:114,2
BRDA:114,6,0,-
BRDA:114,6,1,2
DA:115,0
DA:118,2
FN:138,Mintpass.name
FNDA:0,Mintpass.name
DA:139,0
FN:142,Mintpass.symbol
FNDA:0,Mintpass.symbol
DA:143,0
FN:146,Mintpass.supportsInterface
FNDA:0,Mintpass.supportsInterface
DA:147,0
FN:150,Mintpass.totalSupply
FNDA:1,Mintpass.totalSupply
DA:151,2
FN:154,Mintpass._exists
FNDA:28,Mintpass._exists
DA:155,28
FN:158,Mintpass.ownerOf
FNDA:8,Mintpass.ownerOf
DA:159,19
FN:170,Mintpass._beforeTokenTransfers
FNDA:27,Mintpass._beforeTokenTransfers
DA:171,27
BRDA:171,7,0,1
BRDA:171,7,1,26
DA:172,26
FNF:14
FNH:11
LF:33
LH:25
BRF:16
BRH:10
end_of_record
TN:
SF:src/MyToken.sol
FN:10,MyToken.mint
FNDA:0,MyToken.mint
DA:11,0
FNF:1
FNH:0
LF:1
LH:0
BRF:0
BRH:0
end_of_record
TN:
SF:src/SchmackoSwap.sol
FN:94,SchmackoSwap.list
FNDA:11,SchmackoSwap.list
DA:95,11
FN:102,SchmackoSwap.list
FNDA:2,SchmackoSwap.list
DA:106,13
BRDA:106,0,0,2
BRDA:106,0,1,11
DA:107,2
DA:110,11
DA:121,11
DA:123,11
DA:125,11
DA:127,11
FN:132,SchmackoSwap.cancel
FNDA:2,SchmackoSwap.cancel
DA:133,2
DA:134,2
BRDA:134,1,0,1
BRDA:134,1,1,1
DA:135,1
DA:138,1
BRDA:138,2,0,-
BRDA:138,2,1,1
DA:139,0
DA:141,1
DA:142,1
FN:147,SchmackoSwap.fulfill
FNDA:8,SchmackoSwap.fulfill
DA:148,8
DA:149,8
BRDA:149,3,0,1
BRDA:149,3,1,7
DA:150,7
BRDA:150,4,0,-
BRDA:150,4,1,7
DA:151,7
BRDA:151,5,0,-
BRDA:151,5,1,7
DA:153,7
DA:155,7
DA:156,7
BRDA:156,6,0,1
BRDA:156,6,1,6
DA:158,6
DA:159,6
BRDA:159,7,0,1
BRDA:159,7,1,5
DA:161,5
DA:163,5
DA:165,4
DA:167,4
FN:174,SchmackoSwap.changeBuyerAllowance
FNDA:12,SchmackoSwap.changeBuyerAllowance
DA:175,12
DA:177,12
BRDA:177,8,0,2
BRDA:177,8,1,10
DA:178,10
BRDA:178,9,0,1
BRDA:178,9,1,9
DA:179,9
BRDA:179,10,0,1
BRDA:179,10,1,8
DA:181,8
DA:183,8
FN:186,SchmackoSwap.changeBuyerAllowance
FNDA:0,SchmackoSwap.changeBuyerAllowance
DA:187,0
DA:188,0
FN:192,SchmackoSwap.isAllowed
FNDA:5,SchmackoSwap.isAllowed
DA:193,5
FN:196,SchmackoSwap.supportsInterface
FNDA:0,SchmackoSwap.supportsInterface
DA:197,0
FNF:8
FNH:6
LF:38
LH:34
BRF:22
BRH:19
end_of_record
TN:
SF:src/helpers/AuthorizeAll.sol
FN:7,AuthorizeAll.authorizeMint
FNDA:0,AuthorizeAll.authorizeMint
DA:8,0
FN:12,AuthorizeAll.authorizeReservation
FNDA:0,AuthorizeAll.authorizeReservation
DA:13,0
FN:18,AuthorizeAll.redeem
FNDA:0,AuthorizeAll.redeem
FNF:3
FNH:0
LF:2
LH:0
BRF:0
BRH:0
end_of_record
TN:
SF:src/old/IPNFTV21.sol
FN:99,IPNFTV21.initialize
FNDA:0,IPNFTV21.initialize
DA:100,0
DA:101,0
DA:102,0
DA:103,0
DA:104,0
DA:105,0
DA:106,0
DA:108,0
FN:111,IPNFTV21.pause
FNDA:0,IPNFTV21.pause
DA:112,0
FN:115,IPNFTV21.unpause
FNDA:0,IPNFTV21.unpause
DA:116,0
FN:125,IPNFTV21.setAuthorizer
FNDA:0,IPNFTV21.setAuthorizer
DA:126,0
BRDA:126,0,0,-
BRDA:126,0,1,-
DA:127,0
DA:129,0
FN:133,IPNFTV21.reserve
FNDA:0,IPNFTV21.reserve
DA:134,0
BRDA:134,1,0,-
BRDA:134,1,1,-
DA:135,0
DA:138,0
DA:139,0
DA:140,0
DA:141,0
DA:142,0
FN:153,IPNFTV21.mintReservation
FNDA:0,IPNFTV21.mintReservation
DA:160,0
BRDA:160,2,0,-
BRDA:160,2,1,-
DA:161,0
DA:164,0
BRDA:164,3,0,-
BRDA:164,3,1,-
DA:165,0
DA:168,0
BRDA:168,4,0,-
BRDA:168,4,1,-
DA:169,0
DA:172,0
DA:173,0
DA:175,0
DA:176,0
DA:178,0
DA:179,0
FN:188,IPNFTV21.grantReadAccess
FNDA:0,IPNFTV21.grantReadAccess
DA:189,0
BRDA:189,5,0,-
BRDA:189,5,1,-
DA:190,0
DA:193,0
BRDA:193,6,0,-
BRDA:193,6,1,-
DA:195,0
DA:196,0
FN:205,IPNFTV21.canRead
FNDA:0,IPNFTV21.canRead
DA:206,0
BRDA:206,7,0,-
BRDA:206,7,1,-
DA:207,0
DA:209,0
FN:213,IPNFTV21.withdrawAll
FNDA:0,IPNFTV21.withdrawAll
DA:214,0
BRDA:214,8,0,-
BRDA:214,8,1,-
FN:218,IPNFTV21._authorizeUpgrade
FNDA:0,IPNFTV21._authorizeUpgrade
FN:227,IPNFTV21._beforeTokenTransfer
FNDA:0,IPNFTV21._beforeTokenTransfer
DA:231,0
FN:235,IPNFTV21.uri
FNDA:0,IPNFTV21.uri
DA:236,0
FNF:12
FNH:0
LF:43
LH:0
BRF:18
BRH:0
end_of_record
TN:
SF:test/ContractReceivers.t.sol
FN:25,TestToken.mintTo
FNDA:0,TestToken.mintTo
DA:26,0
FN:39,CleverContractWallet.startSelling
FNDA:1,CleverContractWallet.startSelling
DA:43,1
BRDA:43,0,0,-
BRDA:43,0,1,1
DA:44,1
DA:45,1
DA:46,1
DA:47,1
DA:49,1
FN:52,CleverContractWallet.buy
FNDA:1,CleverContractWallet.buy
DA:53,1
BRDA:53,1,0,-
BRDA:53,1,1,1
DA:54,1
DA:56,1
DA:57,1
DA:58,1
FN:61,CleverContractWallet.release
FNDA:1,CleverContractWallet.release
DA:62,1
BRDA:62,2,0,-
BRDA:62,2,1,1
DA:63,1
DA:64,1
DA:65,1
BRDA:65,3,0,-
BRDA:65,3,1,1
FN:68,CleverContractWallet.onERC1155Received
FNDA:3,CleverContractWallet.onERC1155Received
DA:69,3
FN:72,CleverContractWallet.onERC1155BatchReceived
FNDA:0,CleverContractWallet.onERC1155BatchReceived
DA:73,0
FN:76,CleverContractWallet.supportsInterface
FNDA:0,CleverContractWallet.supportsInterface
DA:77,0
FNF:7
FNH:4
LF:19
LH:16
BRF:8
BRH:4
end_of_record
TN:
SF:test/IPNFT.t.sol
FN:15,Kamikaze.bazingaa
FNDA:1,Kamikaze.bazingaa
DA:16,1
FNF:1
FNH:1
LF:1
LH:1
BRF:0
BRH:0
end_of_record
TN:
SF:test/IPNFTMintHelper.sol
FN:23,IPNFTMintHelper.dealMintpass
FNDA:0,IPNFTMintHelper.dealMintpass
DA:24,0
DA:25,0
DA:26,0
FN:29,IPNFTMintHelper.reserveAToken
FNDA:0,IPNFTMintHelper.reserveAToken
DA:30,0
DA:31,0
DA:32,0
DA:33,0
DA:34,0
FN:37,IPNFTMintHelper.mintAToken
FNDA:0,IPNFTMintHelper.mintAToken
DA:38,0
DA:39,0
DA:40,0
DA:41,0
DA:42,0
DA:43,0
FNF:3
FNH:0
LF:14
LH:0
BRF:0
BRH:0
end_of_record
TN:
SF:test/SchmackoSwap.t.sol
FN:19,TestToken.mintTo
FNDA:0,TestToken.mintTo
DA:20,0
FNF:1
FNH:0
LF:1
LH:0
BRF:0
BRH:0
end_of_record
TN:
SF:test/helpers/AuthorizeAll.sol
FN:7,AuthorizeAll.authorizeMint
FNDA:0,AuthorizeAll.authorizeMint
DA:11,0
FN:15,AuthorizeAll.authorizeReservation
FNDA:0,AuthorizeAll.authorizeReservation
DA:17,0
FN:22,AuthorizeAll.redeem
FNDA:0,AuthorizeAll.redeem
FNF:3
FNH:0
LF:2
LH:0
BRF:0
BRH:0
end_of_record
TN:
SF:test/helpers/MakeGnosisWallet.sol
FN:14,MakeGnosisWallet.makeGnosisWallet
FNDA:1,MakeGnosisWallet.makeGnosisWallet
DA:15,1
DA:17,1
DA:19,1
DA:20,1
DA:21,1
FNF:1
FNH:1
LF:5
LH:5
BRF:0
BRH:0
end_of_record
TN:
SF:test/helpers/MockCrossDomainMessenger.sol
FN:12,MockCrossDomainMessenger.setSender
FNDA:11,MockCrossDomainMessenger.setSender
DA:13,11
FN:16,MockCrossDomainMessenger.xDomainMessageSender
FNDA:13,MockCrossDomainMessenger.xDomainMessageSender
DA:17,13
FN:20,MockCrossDomainMessenger.sendMessage
FNDA:17,MockCrossDomainMessenger.sendMessage
DA:21,17
DA:22,17
DA:25,17
BRDA:25,0,0,2
BRDA:25,0,1,15
DA:26,2
DA:28,15
FN:32,MockCrossDomainMessenger._getRevertMsg
FNDA:2,MockCrossDomainMessenger._getRevertMsg
DA:33,2
BRDA:33,1,0,-
BRDA:33,1,1,2
DA:37,2
DA:39,2
FNF:4
FNH:4
LF:10
LH:10
BRF:4
BRH:3
end_of_record
TN:
SF:test/helpers/MockStandardBridge.sol
FN:18,MockStandardBridge.l2TokenBridge
FNDA:0,MockStandardBridge.l2TokenBridge
DA:19,0
FN:22,MockStandardBridge.depositERC20
FNDA:0,MockStandardBridge.depositERC20
DA:26,0
DA:27,0
FN:30,MockStandardBridge.depositERC20To
FNDA:2,MockStandardBridge.depositERC20To
DA:35,2
DA:36,2
FN:39,MockStandardBridge.finalizeERC20Withdrawal
FNDA:0,MockStandardBridge.finalizeERC20Withdrawal
DA:48,0
FNF:4
FNH:1
LF:6
LH:2
BRF:0
BRH:0
end_of_record
TN:
SF:test/helpers/TestERC1155.sol
FN:10,TestERC1155.mint
FNDA:1,TestERC1155.mint
DA:11,1
FN:14,TestERC1155._beforeTokenTransfer
FNDA:1,TestERC1155._beforeTokenTransfer
FNF:2
FNH:2
LF:1
LH:1
BRF:0
BRH:0
end_of_record
TN:
SF:test/helpers/UnverifiedForwarder.sol
FN:21,UnverifiedForwarder.getNonce
FNDA:1,UnverifiedForwarder.getNonce
DA:22,1
FN:25,UnverifiedForwarder.unsafeExecute
FNDA:1,UnverifiedForwarder.unsafeExecute
DA:27,1
DA:29,1
DA:33,1
BRDA:33,0,0,-
BRDA:33,0,1,1
DA:43,1
FNF:2
FNH:2
LF:5
LH:5
BRF:2
BRH:1
end_of_record
