TN:
SF:script/Deploy.s.sol
FN:13,DeployScript.run
FNDA:0,DeployScript.run
DA:14,0
DA:15,0
DA:16,0
DA:17,0
DA:18,0
DA:19,0
DA:21,0
DA:22,0
DA:23,0
DA:25,0
DA:27,0
DA:28,0
DA:29,0
DA:31,0
FNF:1
FNH:0
LF:14
LH:0
BRF:0
BRH:0
end_of_record
TN:
SF:script/DeployContractRegistry.s.sol
FN:9,DeployContractRegistry.run
FNDA:0,DeployContractRegistry.run
DA:10,0
DA:11,0
DA:13,0
DA:14,0
BRDA:14,0,0,-
BRDA:14,0,1,-
DA:15,0
DA:16,0
BRDA:16,1,0,-
BRDA:16,1,1,-
DA:17,0
DA:19,0
DA:22,0
DA:23,0
FNF:1
FNH:0
LF:10
LH:0
BRF:4
BRH:0
end_of_record
TN:
SF:script/DeployDispenser.s.sol
FN:10,DeployDispenserScript.run
FNDA:0,DeployDispenserScript.run
DA:11,0
DA:12,0
DA:14,0
DA:15,0
DA:16,0
DA:17,0
DA:19,0
FNF:1
FNH:0
LF:7
LH:0
BRF:0
BRH:0
end_of_record
TN:
SF:script/DeployFractionalizerDispatcherL1.s.sol
FN:17,DeployFractionalizerDispatcherL1.run
FNDA:0,DeployFractionalizerDispatcherL1.run
DA:18,0
DA:19,0
DA:21,0
DA:22,0
DA:31,0
DA:32,0
DA:34,0
FNF:1
FNH:0
LF:7
LH:0
BRF:0
BRH:0
end_of_record
TN:
SF:script/DeployFractionalizerL2.s.sol
FN:14,DeployFractionalizerL2.run
FNDA:0,DeployFractionalizerL2.run
DA:15,0
DA:17,0
DA:19,0
DA:26,0
DA:27,0
DA:29,0
FNF:1
FNH:0
LF:6
LH:0
BRF:0
BRH:0
end_of_record
TN:
SF:script/IPNFT.s.sol
FN:10,IPNFTScript.setUp
FNDA:0,IPNFTScript.setUp
FN:12,IPNFTScript.run
FNDA:0,IPNFTScript.run
DA:13,0
DA:14,0
DA:15,0
DA:16,0
DA:17,0
DA:18,0
DA:20,0
FNF:2
FNH:0
LF:7
LH:0
BRF:0
BRH:0
end_of_record
TN:
SF:script/SchmackoSwap.s.sol
FN:9,SchmackoSwapScript.setUp
FNDA:0,SchmackoSwapScript.setUp
FN:11,SchmackoSwapScript.run
FNDA:0,SchmackoSwapScript.run
DA:12,0
DA:13,0
DA:14,0
FNF:2
FNH:0
LF:3
LH:0
BRF:0
BRH:0
end_of_record
TN:
SF:script/UpdateFractionalizerDispatcherL1.sol
FN:14,UpdateFractionalizerDispatcherL1.run
FNDA:0,UpdateFractionalizerDispatcherL1.run
DA:15,0
DA:16,0
DA:17,0
DA:19,0
FNF:1
FNH:0
LF:4
LH:0
BRF:0
BRH:0
end_of_record
TN:
SF:script/UpdateFractionalizerL2.s.sol
FN:14,UpdateFractionalizerL2.run
FNDA:0,UpdateFractionalizerL2.run
DA:15,0
DA:17,0
DA:18,0
DA:20,0
FNF:1
FNH:0
LF:4
LH:0
BRF:0
BRH:0
end_of_record
TN:
SF:script/UpgradeImplementation.s.sol
FN:13,UpgradeImplementation.run
FNDA:0,UpgradeImplementation.run
DA:14,0
DA:15,0
DA:19,0
DA:21,0
DA:22,0
DA:24,0
DA:26,0
FNF:1
FNH:0
LF:7
LH:0
BRF:0
BRH:0
end_of_record
TN:
SF:script/dev/ApproveAndBuy.s.sol
FN:21,ApproveAndBuy.prepareAddresses
FNDA:0,ApproveAndBuy.prepareAddresses
DA:22,0
DA:23,0
DA:24,0
DA:25,0
DA:26,0
FN:29,ApproveAndBuy.fulfillListing
FNDA:0,ApproveAndBuy.fulfillListing
DA:30,0
DA:33,0
DA:34,0
DA:35,0
DA:37,0
DA:38,0
DA:39,0
DA:40,0
FN:43,ApproveAndBuy.run
FNDA:0,ApproveAndBuy.run
DA:44,0
DA:51,0
DA:52,0
FNF:3
FNH:0
LF:16
LH:0
BRF:0
BRH:0
end_of_record
TN:
SF:script/dev/DeployMockedFractionalizer.s.sol
FN:23,DeployMockedFractionalizer.run
FNDA:0,DeployMockedFractionalizer.run
DA:24,0
DA:25,0
DA:27,0
DA:28,0
DA:30,0
DA:39,0
DA:40,0
DA:41,0
DA:43,0
DA:44,0
DA:46,0
FN:16,TestableFractionalizer.__dangerouslyOverrideXDomainMessenger
FNDA:0,TestableFractionalizer.__dangerouslyOverrideXDomainMessenger
DA:17,0
FNF:2
FNH:0
LF:12
LH:0
BRF:0
BRH:0
end_of_record
TN:
SF:script/dev/Dev.s.sol
FN:15,DevScript.run
FNDA:0,DevScript.run
DA:16,0
DA:17,0
DA:18,0
DA:19,0
DA:20,0
DA:21,0
DA:23,0
DA:24,0
DA:25,0
DA:26,0
DA:28,0
DA:30,0
DA:31,0
DA:32,0
DA:33,0
DA:35,0
FNF:1
FNH:0
LF:16
LH:0
BRF:0
BRH:0
end_of_record
TN:
SF:script/dev/Fixture.s.sol
FN:28,FixtureScript.prepareAddresses
FNDA:0,FixtureScript.prepareAddresses
DA:29,0
DA:30,0
DA:31,0
FN:34,FixtureScript.dealERC20
FNDA:0,FixtureScript.dealERC20
DA:35,0
DA:36,0
DA:37,0
FN:40,FixtureScript.mintMintPass
FNDA:0,FixtureScript.mintMintPass
DA:41,0
DA:42,0
DA:43,0
FN:46,FixtureScript.mintIpnft
FNDA:0,FixtureScript.mintIpnft
DA:47,0
DA:48,0
DA:49,0
DA:50,0
DA:51,0
FN:54,FixtureScript.createListing
FNDA:0,FixtureScript.createListing
DA:55,0
DA:56,0
DA:58,0
DA:59,0
DA:60,0
FN:63,FixtureScript.run
FNDA:0,FixtureScript.run
DA:64,0
DA:66,0
DA:67,0
DA:68,0
DA:69,0
DA:70,0
DA:72,0
DA:73,0
DA:74,0
DA:75,0
DA:77,0
DA:79,0
DA:80,0
DA:81,0
DA:82,0
DA:84,0
DA:86,0
DA:88,0
DA:90,0
DA:91,0
DA:93,0
DA:94,0
FNF:6
FNH:0
LF:41
LH:0
BRF:0
BRH:0
end_of_record
TN:
SF:script/dev/SignTermsMessage.s.sol
FN:9,SignTermsMessage.run
FNDA:0,SignTermsMessage.run
DA:10,0
DA:11,0
DA:14,0
DA:16,0
DA:17,0
DA:19,0
FNF:1
FNH:0
LF:6
LH:0
BRF:0
BRH:0
end_of_record
TN:
SF:src/ContractRegistry.sol
FN:21,ContractRegistry.register
FNDA:2,ContractRegistry.register
DA:22,2
FN:29,ContractRegistry.register
FNDA:0,ContractRegistry.register
DA:30,0
DA:31,0
FN:34,ContractRegistry.get
FNDA:0,ContractRegistry.get
DA:35,0
FN:38,ContractRegistry.get
FNDA:0,ContractRegistry.get
DA:39,19
FN:46,ContractRegistry.safeGet
FNDA:17,ContractRegistry.safeGet
DA:47,19
DA:48,19
BRDA:48,0,0,-
BRDA:48,0,1,19
DA:49,0
DA:51,19
FN:54,ContractRegistry.safeGet
FNDA:2,ContractRegistry.safeGet
DA:55,2
FNF:6
FNH:3
LF:10
LH:6
BRF:2
BRH:1
end_of_record
TN:
SF:src/Fractionalizer.sol
FN:82,Fractionalizer.initialize
FNDA:0,Fractionalizer.initialize
DA:83,0
DA:84,0
DA:85,0
FN:89,Fractionalizer.setFractionalizerDispatcherL1
FNDA:0,Fractionalizer.setFractionalizerDispatcherL1
DA:90,0
FN:93,Fractionalizer.setFeeReceiver
FNDA:0,Fractionalizer.setFeeReceiver
DA:94,0
FN:97,Fractionalizer.setReceiverPercentage
FNDA:0,Fractionalizer.setReceiverPercentage
DA:98,0
FN:101,Fractionalizer._msgSender
FNDA:66,Fractionalizer._msgSender
DA:102,66
FN:105,Fractionalizer._msgData
FNDA:0,Fractionalizer._msgData
DA:106,0
FN:112,Fractionalizer.fractionalizeUniqueERC1155
FNDA:9,Fractionalizer.fractionalizeUniqueERC1155
DA:121,9
BRDA:121,0,0,-
BRDA:121,0,1,9
DA:122,0
DA:126,9
BRDA:126,1,0,1
BRDA:126,1,1,8
DA:127,1
DA:130,8
DA:132,8
DA:134,8
FN:137,Fractionalizer.increaseFractions
FNDA:2,Fractionalizer.increaseFractions
DA:138,1
DA:140,1
BRDA:140,2,0,-
BRDA:140,2,1,1
DA:141,0
DA:144,1
DA:145,1
FN:151,Fractionalizer.afterSale
FNDA:2,Fractionalizer.afterSale
DA:152,2
DA:158,2
DA:159,2
DA:160,2
FN:163,Fractionalizer.claimableTokens
FNDA:3,Fractionalizer.claimableTokens
DA:164,6
DA:166,6
BRDA:166,3,0,1
BRDA:166,3,1,5
DA:167,1
DA:170,5
DA:172,5
FN:175,Fractionalizer.burnToWithdrawShare
FNDA:2,Fractionalizer.burnToWithdrawShare
DA:176,2
DA:177,2
FN:180,Fractionalizer.burnToWithdrawShare
FNDA:1,Fractionalizer.burnToWithdrawShare
DA:181,3
DA:182,3
BRDA:182,4,0,-
BRDA:182,4,1,3
DA:183,0
DA:185,3
BRDA:185,5,0,-
BRDA:185,5,1,3
DA:186,0
DA:189,3
DA:190,2
BRDA:190,6,0,-
BRDA:190,6,1,2
DA:191,0
DA:194,2
DA:195,2
FN:198,Fractionalizer.specificTermsV1
FNDA:3,Fractionalizer.specificTermsV1
DA:199,8
DA:201,8
FN:216,Fractionalizer.isValidSignature
FNDA:1,Fractionalizer.isValidSignature
DA:217,5
DA:218,5
FN:225,Fractionalizer.acceptTerms
FNDA:2,Fractionalizer.acceptTerms
DA:226,4
BRDA:226,7,0,-
BRDA:226,7,1,4
DA:227,0
DA:229,4
DA:230,4
FN:237,Fractionalizer._authorizeUpgrade
FNDA:0,Fractionalizer._authorizeUpgrade
FN:245,Fractionalizer.uri
FNDA:0,Fractionalizer.uri
DA:246,0
DA:248,0
DA:249,0
DA:251,0
DA:268,0
FNF:17
FNH:10
LF:54
LH:36
BRF:16
BRH:10
end_of_record
TN:
SF:src/FractionalizerL2Dispatcher.sol
FN:39,FractionalizerL2Dispatcher.initialize
FNDA:0,FractionalizerL2Dispatcher.initialize
DA:40,0
DA:41,0
DA:42,0
DA:43,0
FN:55,FractionalizerL2Dispatcher.initializeFractionalization
FNDA:5,FractionalizerL2Dispatcher.initializeFractionalization
DA:59,5
BRDA:59,0,0,1
BRDA:59,0,1,4
DA:60,1
DA:63,4
BRDA:63,1,0,-
BRDA:63,1,1,4
DA:64,0
DA:67,4
DA:68,4
DA:70,4
DA:84,4
DA:85,4
DA:87,4
FN:101,FractionalizerL2Dispatcher.afterSale
FNDA:1,FractionalizerL2Dispatcher.afterSale
DA:102,1
DA:103,1
BRDA:103,2,0,-
BRDA:103,2,1,1
DA:104,0
DA:108,1
DA:114,1
DA:116,1
FN:127,FractionalizerL2Dispatcher.afterSale
FNDA:1,FractionalizerL2Dispatcher.afterSale
DA:128,1
DA:129,1
BRDA:129,3,0,-
BRDA:129,3,1,1
DA:130,0
DA:136,1
DA:137,1
DA:139,1
BRDA:139,4,0,-
BRDA:139,4,1,1
DA:140,0
DA:142,1
BRDA:142,5,0,-
BRDA:142,5,1,1
DA:143,0
DA:145,1
BRDA:145,6,0,-
BRDA:145,6,1,1
DA:146,0
DA:153,1
DA:154,1
FN:157,FractionalizerL2Dispatcher._startSalesPhase
FNDA:2,FractionalizerL2Dispatcher._startSalesPhase
DA:160,2
DA:161,2
DA:162,2
DA:165,2
DA:168,2
BRDA:168,7,0,-
BRDA:168,7,1,2
DA:169,2
BRDA:169,8,0,-
BRDA:169,8,1,2
DA:170,0
DA:174,2
DA:180,2
DA:182,2
FN:190,FractionalizerL2Dispatcher._authorizeUpgrade
FNDA:0,FractionalizerL2Dispatcher._authorizeUpgrade
FNF:6
FNH:4
LF:43
LH:32
BRF:18
BRH:10
end_of_record
TN:
SF:src/HeadlessDispenser.sol
FN:17,HeadlessDispenser.dispense
FNDA:0,HeadlessDispenser.dispense
DA:18,0
BRDA:18,0,0,-
BRDA:18,0,1,-
DA:19,0
FN:23,HeadlessDispenser.dispense
FNDA:0,HeadlessDispenser.dispense
DA:24,0
BRDA:24,1,0,-
BRDA:24,1,1,-
DA:25,0
FNF:2
FNH:0
LF:4
LH:0
BRF:4
BRH:0
end_of_record
TN:
SF:src/IPNFT.sol
FN:91,IPNFT.initialize
FNDA:0,IPNFT.initialize
DA:92,0
DA:93,0
DA:94,0
DA:95,0
DA:96,0
DA:97,0
DA:98,0
DA:100,0
FN:103,IPNFT.pause
FNDA:2,IPNFT.pause
DA:104,2
FN:107,IPNFT.unpause
FNDA:0,IPNFT.unpause
DA:108,0
FN:117,IPNFT.setAuthorizer
FNDA:0,IPNFT.setAuthorizer
DA:118,0
BRDA:118,0,0,-
BRDA:118,0,1,-
DA:119,0
DA:121,0
FN:125,IPNFT.reserve
FNDA:14,IPNFT.reserve
DA:126,13
BRDA:126,1,0,1
BRDA:126,1,1,12
DA:127,1
DA:130,12
DA:131,12
DA:132,12
DA:133,12
DA:134,12
FN:145,IPNFT.mintReservation
FNDA:11,IPNFT.mintReservation
DA:152,11
BRDA:152,2,0,1
BRDA:152,2,1,10
DA:153,1
DA:156,10
BRDA:156,3,0,-
BRDA:156,3,1,10
DA:157,0
DA:160,10
BRDA:160,4,0,1
BRDA:160,4,1,9
DA:161,1
DA:164,9
DA:165,9
DA:167,9
DA:168,8
DA:170,8
DA:171,8
FN:180,IPNFT.grantReadAccess
FNDA:3,IPNFT.grantReadAccess
DA:181,3
BRDA:181,5,0,1
BRDA:181,5,1,2
DA:182,1
DA:185,2
BRDA:185,6,0,1
BRDA:185,6,1,1
DA:187,1
FN:196,IPNFT.canRead
FNDA:5,IPNFT.canRead
DA:197,5
BRDA:197,7,0,1
BRDA:197,7,1,4
DA:198,1
DA:200,4
FN:204,IPNFT.withdrawAll
FNDA:3,IPNFT.withdrawAll
DA:205,2
BRDA:205,8,0,-
BRDA:205,8,1,2
FN:209,IPNFT._authorizeUpgrade
FNDA:3,IPNFT._authorizeUpgrade
FN:218,IPNFT._beforeTokenTransfer
FNDA:19,IPNFT._beforeTokenTransfer
DA:222,19
FN:226,IPNFT.uri
FNDA:2,IPNFT.uri
DA:227,10
FNF:12
FNH:9
LF:42
LH:29
BRF:18
BRH:14
end_of_record
TN:
SF:src/IPNFTV22.sol
FN:93,IPNFTV22.initialize
FNDA:1,IPNFTV22.initialize
DA:94,0
DA:95,0
DA:96,0
DA:97,0
DA:98,0
DA:99,0
DA:100,0
DA:102,0
FN:105,IPNFTV22.pause
FNDA:0,IPNFTV22.pause
DA:106,0
FN:109,IPNFTV22.unpause
FNDA:0,IPNFTV22.unpause
DA:110,0
FN:113,IPNFTV22.reinit
FNDA:3,IPNFTV22.reinit
DA:114,3
FN:123,IPNFTV22.setAuthorizer
FNDA:0,IPNFTV22.setAuthorizer
DA:124,0
BRDA:124,0,0,-
BRDA:124,0,1,-
DA:125,0
DA:127,0
FN:131,IPNFTV22.reserve
FNDA:1,IPNFTV22.reserve
DA:132,1
BRDA:132,1,0,-
BRDA:132,1,1,1
DA:133,0
DA:136,1
DA:137,1
DA:138,1
DA:139,1
DA:140,1
FN:150,IPNFTV22.mintReservation
FNDA:0,IPNFTV22.mintReservation
DA:157,0
BRDA:157,2,0,-
BRDA:157,2,1,-
DA:158,0
DA:161,0
BRDA:161,3,0,-
BRDA:161,3,1,-
DA:162,0
DA:165,0
BRDA:165,4,0,-
BRDA:165,4,1,-
DA:166,0
DA:169,0
DA:170,0
DA:172,0
DA:173,0
DA:175,0
DA:176,0
FN:179,IPNFTV22.increaseShares
FNDA:0,IPNFTV22.increaseShares
DA:180,0
BRDA:180,5,0,-
BRDA:180,5,1,-
DA:181,0
BRDA:181,6,0,-
BRDA:181,6,1,-
DA:182,0
BRDA:182,7,0,-
BRDA:182,7,1,-
DA:184,0
FN:187,IPNFTV22.distribute
FNDA:0,IPNFTV22.distribute
DA:188,0
DA:189,0
FN:199,IPNFTV22.grantReadAccess
FNDA:0,IPNFTV22.grantReadAccess
DA:200,0
BRDA:200,8,0,-
BRDA:200,8,1,-
DA:201,0
DA:204,0
BRDA:204,9,0,-
BRDA:204,9,1,-
DA:206,0
FN:215,IPNFTV22.canRead
FNDA:0,IPNFTV22.canRead
DA:216,0
BRDA:216,10,0,-
BRDA:216,10,1,-
DA:217,0
DA:219,0
FN:223,IPNFTV22.withdrawAll
FNDA:0,IPNFTV22.withdrawAll
DA:224,0
BRDA:224,11,0,-
BRDA:224,11,1,-
FN:228,IPNFTV22._authorizeUpgrade
FNDA:0,IPNFTV22._authorizeUpgrade
FN:237,IPNFTV22._beforeTokenTransfer
FNDA:0,IPNFTV22._beforeTokenTransfer
DA:241,0
FN:245,IPNFTV22.uri
FNDA:0,IPNFTV22.uri
DA:246,0
FNF:15
FNH:3
LF:49
LH:7
BRF:24
BRH:1
end_of_record
TN:
SF:src/Mintpass.sol
FN:55,Mintpass.isRedeemable
FNDA:3,Mintpass.isRedeemable
DA:56,25
BRDA:56,0,0,-
BRDA:56,0,1,25
DA:57,25
FN:61,Mintpass.batchMint
FNDA:26,Mintpass.batchMint
DA:62,24
FN:66,Mintpass.authorizeReservation
FNDA:14,Mintpass.authorizeReservation
DA:67,14
FN:73,Mintpass.authorizeMint
FNDA:10,Mintpass.authorizeMint
DA:74,10
DA:76,10
BRDA:76,1,0,-
BRDA:76,1,1,10
DA:77,0
DA:79,10
BRDA:79,2,0,-
BRDA:79,2,1,10
DA:80,0
DA:82,10
FN:88,Mintpass.redeem
FNDA:9,Mintpass.redeem
DA:89,9
DA:90,9
BRDA:90,3,0,-
BRDA:90,3,1,9
DA:91,0
DA:93,9
DA:94,9
FN:99,Mintpass.revoke
FNDA:2,Mintpass.revoke
DA:100,1
BRDA:100,4,0,-
BRDA:100,4,1,1
DA:101,0
DA:103,1
DA:104,1
FN:109,Mintpass.tokenURI
FNDA:2,Mintpass.tokenURI
DA:110,2
DA:111,2
BRDA:111,5,0,1
BRDA:111,5,1,2
DA:112,1
DA:114,2
BRDA:114,6,0,-
BRDA:114,6,1,2
DA:115,0
DA:118,2
FN:138,Mintpass.name
FNDA:0,Mintpass.name
DA:139,0
FN:142,Mintpass.symbol
FNDA:0,Mintpass.symbol
DA:143,0
FN:146,Mintpass.supportsInterface
FNDA:0,Mintpass.supportsInterface
DA:147,0
FN:150,Mintpass.totalSupply
FNDA:1,Mintpass.totalSupply
DA:151,2
FN:154,Mintpass._exists
FNDA:26,Mintpass._exists
DA:155,26
FN:158,Mintpass.ownerOf
FNDA:8,Mintpass.ownerOf
DA:159,18
FN:170,Mintpass._beforeTokenTransfers
FNDA:26,Mintpass._beforeTokenTransfers
DA:171,26
BRDA:171,7,0,1
BRDA:171,7,1,25
DA:172,25
FNF:14
FNH:11
LF:33
LH:25
BRF:16
BRH:10
end_of_record
TN:
SF:src/MyToken.sol
FN:10,MyToken.mint
FNDA:0,MyToken.mint
DA:11,0
FNF:1
FNH:0
LF:1
LH:0
BRF:0
BRH:0
end_of_record
TN:
SF:src/SchmackoSwap.sol
FN:98,SchmackoSwap.list
FNDA:11,SchmackoSwap.list
DA:99,11
FN:106,SchmackoSwap.list
FNDA:2,SchmackoSwap.list
DA:110,13
BRDA:110,0,0,2
BRDA:110,0,1,11
DA:111,2
DA:114,11
DA:125,11
DA:127,11
DA:129,11
DA:131,11
FN:136,SchmackoSwap.cancel
FNDA:2,SchmackoSwap.cancel
DA:137,2
DA:138,2
BRDA:138,1,0,1
BRDA:138,1,1,1
DA:139,1
DA:142,1
BRDA:142,2,0,-
BRDA:142,2,1,1
DA:143,0
DA:145,1
DA:146,1
FN:151,SchmackoSwap.fulfill
FNDA:8,SchmackoSwap.fulfill
DA:152,8
DA:153,8
BRDA:153,3,0,1
BRDA:153,3,1,7
DA:154,7
BRDA:154,4,0,-
BRDA:154,4,1,7
DA:155,7
BRDA:155,5,0,-
BRDA:155,5,1,7
DA:157,7
DA:159,7
DA:160,7
BRDA:160,6,0,1
BRDA:160,6,1,6
DA:162,6
DA:163,6
BRDA:163,7,0,1
BRDA:163,7,1,5
DA:165,5
DA:167,5
DA:169,4
DA:171,4
FN:178,SchmackoSwap.changeBuyerAllowance
FNDA:12,SchmackoSwap.changeBuyerAllowance
DA:179,12
DA:181,12
BRDA:181,8,0,2
BRDA:181,8,1,10
DA:182,10
BRDA:182,9,0,1
BRDA:182,9,1,9
DA:183,9
BRDA:183,10,0,1
BRDA:183,10,1,8
DA:185,8
DA:187,8
FN:190,SchmackoSwap.changeBuyerAllowance
FNDA:0,SchmackoSwap.changeBuyerAllowance
DA:191,0
DA:192,0
FN:196,SchmackoSwap.isAllowed
FNDA:5,SchmackoSwap.isAllowed
DA:197,5
FN:200,SchmackoSwap.supportsInterface
FNDA:0,SchmackoSwap.supportsInterface
DA:201,0
FNF:8
FNH:6
LF:38
LH:34
BRF:22
BRH:19
end_of_record
TN:
SF:test/ContractReceivers.t.sol
FN:39,CleverContractWallet.startSelling
FNDA:1,CleverContractWallet.startSelling
DA:43,1
BRDA:43,0,0,-
BRDA:43,0,1,1
DA:44,1
DA:45,1
DA:46,1
DA:47,1
DA:49,1
FN:52,CleverContractWallet.buy
FNDA:1,CleverContractWallet.buy
DA:53,1
BRDA:53,1,0,-
BRDA:53,1,1,1
DA:54,1
DA:56,1
DA:57,1
DA:58,1
FN:61,CleverContractWallet.release
FNDA:1,CleverContractWallet.release
DA:62,1
BRDA:62,2,0,-
BRDA:62,2,1,1
DA:63,1
DA:64,1
DA:65,1
BRDA:65,3,0,-
BRDA:65,3,1,1
FN:68,CleverContractWallet.onERC1155Received
FNDA:3,CleverContractWallet.onERC1155Received
DA:69,3
FN:72,CleverContractWallet.onERC1155BatchReceived
FNDA:0,CleverContractWallet.onERC1155BatchReceived
DA:73,0
FN:76,CleverContractWallet.supportsInterface
FNDA:0,CleverContractWallet.supportsInterface
DA:77,0
FN:25,TestToken.mintTo
FNDA:0,TestToken.mintTo
DA:26,0
FNF:7
FNH:4
LF:19
LH:16
BRF:8
BRH:4
end_of_record
TN:
SF:test/IPNFT.t.sol
FN:15,Kamikaze.bazingaa
FNDA:1,Kamikaze.bazingaa
DA:16,1
FNF:1
FNH:1
LF:1
LH:1
BRF:0
BRH:0
end_of_record
TN:
SF:test/IPNFTMintHelper.sol
FN:22,IPNFTMintHelper.dealMintpass
FNDA:0,IPNFTMintHelper.dealMintpass
DA:23,0
DA:24,0
DA:25,0
FN:28,IPNFTMintHelper.reserveAToken
FNDA:0,IPNFTMintHelper.reserveAToken
DA:29,0
DA:30,0
DA:31,0
DA:32,0
DA:33,0
FN:36,IPNFTMintHelper.mintAToken
FNDA:0,IPNFTMintHelper.mintAToken
DA:37,0
DA:38,0
DA:39,0
DA:41,0
DA:42,0
DA:43,0
FNF:3
FNH:0
LF:14
LH:0
BRF:0
BRH:0
end_of_record
TN:
SF:test/SchmackoSwap.t.sol
FN:19,TestToken.mintTo
FNDA:0,TestToken.mintTo
DA:20,0
FNF:1
FNH:0
LF:1
LH:0
BRF:0
BRH:0
end_of_record
TN:
SF:test/helpers/AuthorizeAll.sol
FN:7,AuthorizeAll.authorizeMint
FNDA:0,AuthorizeAll.authorizeMint
DA:11,0
FN:15,AuthorizeAll.authorizeReservation
FNDA:0,AuthorizeAll.authorizeReservation
DA:17,0
FN:22,AuthorizeAll.redeem
FNDA:0,AuthorizeAll.redeem
FNF:3
FNH:0
LF:2
LH:0
BRF:0
BRH:0
end_of_record
TN:
SF:test/helpers/MakeGnosisWallet.sol
FN:14,MakeGnosisWallet.makeGnosisWallet
FNDA:1,MakeGnosisWallet.makeGnosisWallet
DA:15,1
DA:17,1
DA:19,1
DA:20,1
DA:21,1
FNF:1
FNH:1
LF:5
LH:5
BRF:0
BRH:0
end_of_record
TN:
SF:test/helpers/MockCrossDomainMessenger.sol
FN:12,MockCrossDomainMessenger.setSender
FNDA:10,MockCrossDomainMessenger.setSender
DA:13,10
FN:16,MockCrossDomainMessenger.xDomainMessageSender
FNDA:11,MockCrossDomainMessenger.xDomainMessageSender
DA:17,11
FN:20,MockCrossDomainMessenger.sendMessage
FNDA:15,MockCrossDomainMessenger.sendMessage
DA:21,15
DA:22,15
DA:25,15
BRDA:25,0,0,1
BRDA:25,0,1,14
DA:26,1
DA:28,14
FN:32,MockCrossDomainMessenger._getRevertMsg
FNDA:1,MockCrossDomainMessenger._getRevertMsg
DA:33,1
BRDA:33,1,0,-
BRDA:33,1,1,1
DA:37,1
DA:39,1
FNF:4
FNH:4
LF:10
LH:10
BRF:4
BRH:3
end_of_record
TN:
SF:test/helpers/MockStandardBridge.sol
FN:18,MockStandardBridge.l2TokenBridge
FNDA:0,MockStandardBridge.l2TokenBridge
DA:19,0
FN:22,MockStandardBridge.depositERC20
FNDA:0,MockStandardBridge.depositERC20
DA:26,0
DA:27,0
FN:30,MockStandardBridge.depositERC20To
FNDA:2,MockStandardBridge.depositERC20To
DA:35,2
DA:36,2
FN:39,MockStandardBridge.finalizeERC20Withdrawal
FNDA:0,MockStandardBridge.finalizeERC20Withdrawal
DA:48,0
FNF:4
FNH:1
LF:6
LH:2
BRF:0
BRH:0
end_of_record
TN:
SF:test/helpers/TestERC1155.sol
FN:10,TestERC1155.mint
FNDA:1,TestERC1155.mint
DA:11,1
FN:14,TestERC1155._beforeTokenTransfer
FNDA:1,TestERC1155._beforeTokenTransfer
FNF:2
FNH:2
LF:1
LH:1
BRF:0
BRH:0
end_of_record
TN:
SF:test/helpers/UnverifiedForwarder.sol
FN:21,UnverifiedForwarder.getNonce
FNDA:1,UnverifiedForwarder.getNonce
DA:22,1
FN:25,UnverifiedForwarder.unsafeExecute
FNDA:1,UnverifiedForwarder.unsafeExecute
DA:27,1
DA:29,1
DA:33,1
BRDA:33,0,0,-
BRDA:33,0,1,1
DA:43,1
FNF:2
FNH:2
LF:5
LH:5
BRF:2
BRH:1
end_of_record
